<?xml version="1.0" encoding="UTF-8"?>
<!-- Generated by org.testng.reporters.JUnitXMLReporter -->
<testsuite hostname="DDC2-L-CK99BH2" ignored="0" name="Hub Spot Functional Regression Test - Chrome" tests="3" failures="0" timestamp="13 Feb 2020 13:32:40 GMT" time="109.505" errors="0">
  <testcase name="verifyHomePageTitleTest" time="11.48" classname="sample.HomePageTest"/>
  <testcase name="verifyHomePageHeaderTest" time="14.048" classname="sample.HomePageTest"/>
  <testcase name="verifyLoggedInUserTest" time="15.562" classname="sample.HomePageTest"/>
</testsuite> <!-- Hub Spot Functional Regression Test - Chrome -->
